<?xml version="1.0" encoding="UTF-8"?>
<!-- Generated by org.testng.reporters.JUnitReportReporter -->
<testsuite hostname="MCKL-7604-T" failures="0" tests="1" name="testSuite.TC_01_CampaignSearch" time="0.000" errors="0" timestamp="2023-04-09T21:39:16 IST" skipped="1">
  <testcase classname="testSuite.TC_01_CampaignSearch" name="CampaignSearchFunction" time="0.000">
    <skipped/>
  </testcase> <!-- CampaignSearchFunction -->
  <system-out/>
</testsuite> <!-- testSuite.TC_01_CampaignSearch -->
